 [LOGGER] 2025-01-01 10:23:31.793 AM error : controller/bookController/createBook: [
  {
    "code": "too_small",
    "minimum": 1,
    "type": "string",
    "inclusive": true,
    "exact": false,
    "message": "Book title is required",
    "path": [
      "title"
    ]
  },
  {
    "code": "too_small",
    "minimum": 1,
    "type": "string",
    "inclusive": true,
    "exact": false,
    "message": "Book publisher is required",
    "path": [
      "publisher"
    ]
  },
  {
    "code": "too_small",
    "minimum": 1,
    "type": "string",
    "inclusive": true,
    "exact": false,
    "message": "Book author is required",
    "path": [
      "author"
    ]
  },
  {
    "code": "too_small",
    "minimum": 1,
    "type": "string",
    "inclusive": true,
    "exact": false,
    "message": "Book ISBN is required",
    "path": [
      "isbn"
    ]
  }
]
 [LOGGER] 2025-01-01 10:26:41.373 AM error : controller/bookController/createBook: [
  {
    "code": "too_small",
    "minimum": 1,
    "type": "string",
    "inclusive": true,
    "exact": false,
    "message": "Book title is required",
    "path": [
      "title"
    ]
  },
  {
    "code": "too_small",
    "minimum": 1,
    "type": "string",
    "inclusive": true,
    "exact": false,
    "message": "Book publisher is required",
    "path": [
      "publisher"
    ]
  },
  {
    "code": "too_small",
    "minimum": 1,
    "type": "string",
    "inclusive": true,
    "exact": false,
    "message": "Book author is required",
    "path": [
      "author"
    ]
  },
  {
    "code": "too_small",
    "minimum": 1,
    "type": "string",
    "inclusive": true,
    "exact": false,
    "message": "Book ISBN is required",
    "path": [
      "isbn"
    ]
  }
]
 [LOGGER] 2025-01-01 10:58:15.159 AM error : controller/bookController/createBook: [
  {
    "code": "too_small",
    "minimum": 1,
    "type": "string",
    "inclusive": true,
    "exact": false,
    "message": "Book title is required",
    "path": [
      "title"
    ]
  },
  {
    "code": "too_small",
    "minimum": 1,
    "type": "string",
    "inclusive": true,
    "exact": false,
    "message": "Book publisher is required",
    "path": [
      "publisher"
    ]
  },
  {
    "code": "too_small",
    "minimum": 1,
    "type": "string",
    "inclusive": true,
    "exact": false,
    "message": "Book author is required",
    "path": [
      "author"
    ]
  },
  {
    "code": "too_small",
    "minimum": 1,
    "type": "string",
    "inclusive": true,
    "exact": false,
    "message": "Book ISBN is required",
    "path": [
      "isbn"
    ]
  }
]
 [LOGGER] 2025-01-01 12:39:24.086 PM error : controller/bookController/createBook: [
  {
    "code": "too_small",
    "minimum": 1,
    "type": "string",
    "inclusive": true,
    "exact": false,
    "message": "Book title is required",
    "path": [
      "title"
    ]
  },
  {
    "code": "too_small",
    "minimum": 1,
    "type": "string",
    "inclusive": true,
    "exact": false,
    "message": "Book publisher is required",
    "path": [
      "publisher"
    ]
  },
  {
    "code": "too_small",
    "minimum": 1,
    "type": "string",
    "inclusive": true,
    "exact": false,
    "message": "Book author is required",
    "path": [
      "author"
    ]
  },
  {
    "code": "too_small",
    "minimum": 1,
    "type": "string",
    "inclusive": true,
    "exact": false,
    "message": "Book ISBN is required",
    "path": [
      "isbn"
    ]
  }
]
 [LOGGER] 2025-01-01 12:56:00.798 PM error : controller/bookController/createBook: EPERM: Operation not permitted
 [LOGGER] 2025-01-01 12:56:00.878 PM error : controller/bookController/openEditBook: PrismaClientValidationError: 
Invalid `prisma.book.findUnique()` invocation in
C:\Users\Asep\Downloads\peminjamanbuku\src\models\bookModel.ts:22:34

  19 };
  20 
  21 export const getBookById = async (id: number): Promise<Book | null> => {
→ 22   const book = await prisma.book.findUnique({
         where: {
       +   id: Int
         }
       })

Argument `id` is missing.
